<?xml version="1.0" encoding="utf-8" standalone="no"?>
<!--This file represents the results of running a test suite-->
<test-results name="E:\22.11.4814\01 latihan\CalculatorUnitTest\bin\Debug\netstandard2.0\CalculatorUnitTest.dll" total="4" errors="0" failures="0" not-run="0" inconclusive="0" ignored="0" skipped="0" invalid="0" date="2023-10-04" time="11:44:26">
  <environment nunit-version="2.6.4.14350" clr-version="2.0.50727.9151" os-version="Microsoft Windows NT 6.2.9200.0" platform="Win32NT" cwd="C:\tools-testing" machine-name="KOMPUTER-74" user="amikom" user-domain="KOMPUTER-74" />
  <culture-info current-culture="en-ID" current-uiculture="en-US" />
  <test-suite type="Assembly" name="E:\22.11.4814\01 latihan\CalculatorUnitTest\bin\Debug\netstandard2.0\CalculatorUnitTest.dll" executed="True" result="Success" success="True" time="0.094" asserts="0">
    <results>
      <test-suite type="Namespace" name="CalculatorUnitTest" executed="True" result="Success" success="True" time="0.086" asserts="0">
        <results>
          <test-suite type="TestFixture" name="CalculatorTest" executed="True" result="Success" success="True" time="0.071" asserts="0">
            <results>
              <test-case name="CalculatorUnitTest.CalculatorTest.PembagianTest" executed="True" result="Success" success="True" time="0.046" asserts="1" />
              <test-case name="CalculatorUnitTest.CalculatorTest.PenambahanTest" executed="True" result="Success" success="True" time="0.000" asserts="1" />
              <test-case name="CalculatorUnitTest.CalculatorTest.PenguranganTest" executed="True" result="Success" success="True" time="0.000" asserts="1" />
              <test-case name="CalculatorUnitTest.CalculatorTest.PerkalianTest" executed="True" result="Success" success="True" time="0.000" asserts="1" />
            </results>
          </test-suite>
        </results>
      </test-suite>
    </results>
  </test-suite>
</test-results>